vitamio-sample/build/outputs/logs/manifest-merger-debug-report.txt
-- Merging decision tree log ---
manifest
ADDED from MobilePlayer\vitamio-sample\AndroidManifest.xml:2:1-85:12
INJECTED from MobilePlayer\vitamio-sample\AndroidManifest.xml:2:1-85:12
INJECTED from MobilePlayer\vitamio-sample\AndroidManifest.xml:2:1-85:12
INJECTED from MobilePlayer\vitamio-sample\AndroidManifest.xml:2:1-85:12
MERGED from [:vitamio] AndroidManifest.xml:2:1-24:12
MERGED from [com.android.support:appcompat-v7:22.2.1] AndroidManifest.xml:17:1-24:12
MERGED from [com.android.support:support-v4:22.2.1] AndroidManifest.xml:17:1-24:12
INJECTED from MobilePlayer\vitamio-sample\AndroidManifest.xml:2:1-85:12
INJECTED from MobilePlayer\vitamio-sample\AndroidManifest.xml:2:1-85:12
INJECTED from MobilePlayer\vitamio-sample\AndroidManifest.xml:2:1-85:12
	package
		ADDED from MobilePlayer\vitamio-sample\AndroidManifest.xml:3:5-34
		INJECTED from MobilePlayer\vitamio-sample\AndroidManifest.xml
		INJECTED from MobilePlayer\vitamio-sample\AndroidManifest.xml
	android:versionName
		ADDED from MobilePlayer\vitamio-sample\AndroidManifest.xml:5:5-32
		INJECTED from MobilePlayer\vitamio-sample\AndroidManifest.xml
		INJECTED from MobilePlayer\vitamio-sample\AndroidManifest.xml
	xmlns:android
		ADDED from MobilePlayer\vitamio-sample\AndroidManifest.xml:2:11-69
	android:versionCode
		ADDED from MobilePlayer\vitamio-sample\AndroidManifest.xml:4:5-30
		INJECTED from MobilePlayer\vitamio-sample\AndroidManifest.xml
		INJECTED from MobilePlayer\vitamio-sample\AndroidManifest.xml
uses-permission#android.permission.WAKE_LOCK
ADDED from MobilePlayer\vitamio-sample\AndroidManifest.xml:7:5-68
MERGED from [:vitamio] AndroidManifest.xml:11:5-68
MERGED from [:vitamio] AndroidManifest.xml:11:5-68
	android:name
		ADDED from MobilePlayer\vitamio-sample\AndroidManifest.xml:7:22-65
uses-permission#android.permission.INTERNET
ADDED from MobilePlayer\vitamio-sample\AndroidManifest.xml:8:5-67
MERGED from [:vitamio] AndroidManifest.xml:12:5-67
MERGED from [:vitamio] AndroidManifest.xml:12:5-67
	android:name
		ADDED from MobilePlayer\vitamio-sample\AndroidManifest.xml:8:22-64
uses-permission#android.permission.ACCESS_NETWORK_STATE
ADDED from MobilePlayer\vitamio-sample\AndroidManifest.xml:9:5-79
MERGED from [:vitamio] AndroidManifest.xml:13:5-79
MERGED from [:vitamio] AndroidManifest.xml:13:5-79
	android:name
		ADDED from MobilePlayer\vitamio-sample\AndroidManifest.xml:9:22-76
uses-permission#android.permission.READ_EXTERNAL_STORAGE
ADDED from MobilePlayer\vitamio-sample\AndroidManifest.xml:10:5-80
	android:name
		ADDED from MobilePlayer\vitamio-sample\AndroidManifest.xml:10:22-77
uses-permission#android.permission.ACCESS_WIFI_STATE
ADDED from MobilePlayer\vitamio-sample\AndroidManifest.xml:11:5-76
	android:name
		ADDED from MobilePlayer\vitamio-sample\AndroidManifest.xml:11:22-73
uses-permission#android.permission.READ_PHONE_STATE
ADDED from MobilePlayer\vitamio-sample\AndroidManifest.xml:12:5-75
	android:name
		ADDED from MobilePlayer\vitamio-sample\AndroidManifest.xml:12:22-72
application
ADDED from MobilePlayer\vitamio-sample\AndroidManifest.xml:14:5-83:19
MERGED from [:vitamio] AndroidManifest.xml:15:5-22:19
MERGED from [:vitamio] AndroidManifest.xml:15:5-22:19
MERGED from [com.android.support:appcompat-v7:22.2.1] AndroidManifest.xml:22:5-20
MERGED from [com.android.support:appcompat-v7:22.2.1] AndroidManifest.xml:22:5-20
MERGED from [com.android.support:support-v4:22.2.1] AndroidManifest.xml:22:5-20
MERGED from [com.android.support:support-v4:22.2.1] AndroidManifest.xml:22:5-20
	android:label
		ADDED from MobilePlayer\vitamio-sample\AndroidManifest.xml:17:9-50
	android:icon
		ADDED from MobilePlayer\vitamio-sample\AndroidManifest.xml:16:9-45
	android:allowBackup
		ADDED from MobilePlayer\vitamio-sample\AndroidManifest.xml:15:9-36
activity#io.vov.vitamio.activity.InitActivity
ADDED from MobilePlayer\vitamio-sample\AndroidManifest.xml:20:9-25:63
MERGED from [:vitamio] AndroidManifest.xml:16:9-21:63
MERGED from [:vitamio] AndroidManifest.xml:16:9-21:63
	android:launchMode
		ADDED from MobilePlayer\vitamio-sample\AndroidManifest.xml:23:13-43
	android:windowSoftInputMode
		ADDED from MobilePlayer\vitamio-sample\AndroidManifest.xml:25:13-60
	android:configChanges
		ADDED from MobilePlayer\vitamio-sample\AndroidManifest.xml:22:13-113
	android:theme
		ADDED from MobilePlayer\vitamio-sample\AndroidManifest.xml:24:13-60
	android:name
		ADDED from MobilePlayer\vitamio-sample\AndroidManifest.xml:21:13-64
activity#io.vov.vitamio.demo.VitamioListActivity
ADDED from MobilePlayer\vitamio-sample\AndroidManifest.xml:26:9-33:20
	android:name
		ADDED from MobilePlayer\vitamio-sample\AndroidManifest.xml:26:19-54
intent-filter#action:name:android.intent.action.MAIN+category:name:android.intent.category.DEFAULT+category:name:android.intent.category.LAUNCHER
ADDED from MobilePlayer\vitamio-sample\AndroidManifest.xml:27:13-32:29
action#android.intent.action.MAIN
ADDED from MobilePlayer\vitamio-sample\AndroidManifest.xml:28:17-69
	android:name
		ADDED from MobilePlayer\vitamio-sample\AndroidManifest.xml:28:25-66
category#android.intent.category.DEFAULT
ADDED from MobilePlayer\vitamio-sample\AndroidManifest.xml:30:17-76
	android:name
		ADDED from MobilePlayer\vitamio-sample\AndroidManifest.xml:30:27-73
category#android.intent.category.LAUNCHER
ADDED from MobilePlayer\vitamio-sample\AndroidManifest.xml:31:17-77
	android:name
		ADDED from MobilePlayer\vitamio-sample\AndroidManifest.xml:31:27-74
activity#io.vov.vitamio.demo.MediaPlayerDemo
ADDED from MobilePlayer\vitamio-sample\AndroidManifest.xml:34:9-37:20
	android:label
		ADDED from MobilePlayer\vitamio-sample\AndroidManifest.xml:36:13-46
	android:name
		ADDED from MobilePlayer\vitamio-sample\AndroidManifest.xml:35:13-44
activity#io.vov.vitamio.demo.VideoViewDemo
ADDED from MobilePlayer\vitamio-sample\AndroidManifest.xml:38:9-42:20
	android:label
		ADDED from MobilePlayer\vitamio-sample\AndroidManifest.xml:41:13-44
	android:configChanges
		ADDED from MobilePlayer\vitamio-sample\AndroidManifest.xml:40:13-113
	android:name
		ADDED from MobilePlayer\vitamio-sample\AndroidManifest.xml:39:13-42
activity#io.vov.vitamio.demo.MediaPlayerDemo_Video
ADDED from MobilePlayer\vitamio-sample\AndroidManifest.xml:43:9-46:20
	android:label
		ADDED from MobilePlayer\vitamio-sample\AndroidManifest.xml:45:13-46
	android:name
		ADDED from MobilePlayer\vitamio-sample\AndroidManifest.xml:44:13-50
activity#io.vov.vitamio.demo.MediaPlayerDemo_setSurface
ADDED from MobilePlayer\vitamio-sample\AndroidManifest.xml:47:9-50:20
	android:label
		ADDED from MobilePlayer\vitamio-sample\AndroidManifest.xml:49:13-46
	android:name
		ADDED from MobilePlayer\vitamio-sample\AndroidManifest.xml:48:13-55
activity#io.vov.vitamio.demo.MediaPlayerDemo_Audio
ADDED from MobilePlayer\vitamio-sample\AndroidManifest.xml:51:9-54:20
	android:label
		ADDED from MobilePlayer\vitamio-sample\AndroidManifest.xml:53:13-46
	android:name
		ADDED from MobilePlayer\vitamio-sample\AndroidManifest.xml:52:13-50
activity#io.vov.vitamio.demo.MediaMetadataRetrieverDemo
ADDED from MobilePlayer\vitamio-sample\AndroidManifest.xml:55:9-58:20
	android:label
		ADDED from MobilePlayer\vitamio-sample\AndroidManifest.xml:57:13-48
	android:name
		ADDED from MobilePlayer\vitamio-sample\AndroidManifest.xml:56:13-55
activity#io.vov.vitamio.demo.MediaPlayerSubtitle
ADDED from MobilePlayer\vitamio-sample\AndroidManifest.xml:59:9-62:20
	android:label
		ADDED from MobilePlayer\vitamio-sample\AndroidManifest.xml:61:13-73
	android:name
		ADDED from MobilePlayer\vitamio-sample\AndroidManifest.xml:60:13-48
activity#io.vov.vitamio.demo.VideoViewSubtitle
ADDED from MobilePlayer\vitamio-sample\AndroidManifest.xml:63:9-66:20
	android:label
		ADDED from MobilePlayer\vitamio-sample\AndroidManifest.xml:65:13-71
	android:name
		ADDED from MobilePlayer\vitamio-sample\AndroidManifest.xml:64:13-46
activity#io.vov.vitamio.demo.VideoSubtitleList
ADDED from MobilePlayer\vitamio-sample\AndroidManifest.xml:67:9-70:20
	android:label
		ADDED from MobilePlayer\vitamio-sample\AndroidManifest.xml:69:13-71
	android:name
		ADDED from MobilePlayer\vitamio-sample\AndroidManifest.xml:68:13-46
activity#io.vov.vitamio.demo.VideoViewBuffer
ADDED from MobilePlayer\vitamio-sample\AndroidManifest.xml:71:9-74:20
	android:label
		ADDED from MobilePlayer\vitamio-sample\AndroidManifest.xml:73:13-64
	android:name
		ADDED from MobilePlayer\vitamio-sample\AndroidManifest.xml:72:13-44
meta-data#UMENG_APPKEY
ADDED from MobilePlayer\vitamio-sample\AndroidManifest.xml:75:10-78:21
	android:value
		ADDED from MobilePlayer\vitamio-sample\AndroidManifest.xml:77:13-53
	android:name
		ADDED from MobilePlayer\vitamio-sample\AndroidManifest.xml:76:13-40
meta-data#UMENG_CHANNEL
ADDED from MobilePlayer\vitamio-sample\AndroidManifest.xml:79:9-82:21
	android:value
		ADDED from MobilePlayer\vitamio-sample\AndroidManifest.xml:81:13-33
	android:name
		ADDED from MobilePlayer\vitamio-sample\AndroidManifest.xml:80:13-41
uses-sdk
INJECTED from MobilePlayer\vitamio-sample\AndroidManifest.xml reason: use-sdk injection requested
INJECTED from MobilePlayer\vitamio-sample\AndroidManifest.xml
INJECTED from MobilePlayer\vitamio-sample\AndroidManifest.xml
MERGED from [:vitamio] AndroidManifest.xml:7:5-9:41
MERGED from [:vitamio] AndroidManifest.xml:7:5-9:41
MERGED from [com.android.support:appcompat-v7:22.2.1] AndroidManifest.xml:20:5-43
MERGED from [com.android.support:appcompat-v7:22.2.1] AndroidManifest.xml:20:5-43
MERGED from [com.android.support:support-v4:22.2.1] AndroidManifest.xml:20:5-43
MERGED from [com.android.support:support-v4:22.2.1] AndroidManifest.xml:20:5-43
INJECTED from MobilePlayer\vitamio-sample\AndroidManifest.xml
INJECTED from MobilePlayer\vitamio-sample\AndroidManifest.xml
	android:targetSdkVersion
		INJECTED from MobilePlayer\vitamio-sample\AndroidManifest.xml
		ADDED from MobilePlayer\vitamio-sample\AndroidManifest.xml
		INJECTED from MobilePlayer\vitamio-sample\AndroidManifest.xml
	android:minSdkVersion
		INJECTED from MobilePlayer\vitamio-sample\AndroidManifest.xml
		ADDED from MobilePlayer\vitamio-sample\AndroidManifest.xml
		INJECTED from MobilePlayer\vitamio-sample\AndroidManifest.xml